2019-05-13 10:03:24 [scrapy.utils.log] INFO: Scrapy 1.6.0 started (bot: scrapy_app)
2019-05-13 10:03:24 [scrapy.utils.log] INFO: Versions: lxml 4.3.3.0, libxml2 2.9.9, cssselect 1.0.3, parsel 1.5.1, w3lib 1.20.0, Twisted 18.9.0, Python 3.7.1 (default, Dec 14 2018, 19:28:38) - [GCC 7.3.0], pyOpenSSL 19.0.0 (OpenSSL 1.1.1b  26 Feb 2019), cryptography 2.6.1, Platform Linux-3.13.0-32-generic-x86_64-with-debian-jessie-sid
2019-05-13 10:03:24 [scrapy.crawler] INFO: Overridden settings: {'BOT_NAME': 'scrapy_app', 'LOG_FILE': 'logs/default/coucrawler/480dc9ba756611e9bdcaf90a2f425016.log', 'NEWSPIDER_MODULE': 'scrapy_app.spiders', 'ROBOTSTXT_OBEY': True, 'SPIDER_MODULES': ['scrapy_app.spiders']}
2019-05-13 10:03:24 [scrapy.extensions.telnet] INFO: Telnet Password: bd8dac452c393ad8
2019-05-13 10:03:24 [scrapy.middleware] INFO: Enabled extensions:
['scrapy.extensions.corestats.CoreStats',
 'scrapy.extensions.telnet.TelnetConsole',
 'scrapy.extensions.memusage.MemoryUsage',
 'scrapy.extensions.logstats.LogStats']
2019-05-13 10:03:24 [scrapy.middleware] INFO: Enabled downloader middlewares:
['scrapy.downloadermiddlewares.robotstxt.RobotsTxtMiddleware',
 'scrapy.downloadermiddlewares.httpauth.HttpAuthMiddleware',
 'scrapy.downloadermiddlewares.downloadtimeout.DownloadTimeoutMiddleware',
 'scrapy.downloadermiddlewares.defaultheaders.DefaultHeadersMiddleware',
 'scrapy.downloadermiddlewares.useragent.UserAgentMiddleware',
 'scrapy.downloadermiddlewares.retry.RetryMiddleware',
 'scrapy.downloadermiddlewares.redirect.MetaRefreshMiddleware',
 'scrapy.downloadermiddlewares.httpcompression.HttpCompressionMiddleware',
 'scrapy.downloadermiddlewares.redirect.RedirectMiddleware',
 'scrapy.downloadermiddlewares.cookies.CookiesMiddleware',
 'scrapy.downloadermiddlewares.httpproxy.HttpProxyMiddleware',
 'scrapy.downloadermiddlewares.stats.DownloaderStats']
2019-05-13 10:03:24 [scrapy.middleware] INFO: Enabled spider middlewares:
['scrapy.spidermiddlewares.httperror.HttpErrorMiddleware',
 'scrapy.spidermiddlewares.offsite.OffsiteMiddleware',
 'scrapy.spidermiddlewares.referer.RefererMiddleware',
 'scrapy.spidermiddlewares.urllength.UrlLengthMiddleware',
 'scrapy.spidermiddlewares.depth.DepthMiddleware']
2019-05-13 10:03:24 [scrapy.middleware] INFO: Enabled item pipelines:
['scrapy_app.pipelines.ScrapyAppPipeline']
2019-05-13 10:03:24 [scrapy.core.engine] INFO: Spider opened
2019-05-13 10:03:24 [scrapy.extensions.logstats] INFO: Crawled 0 pages (at 0 pages/min), scraped 0 items (at 0 items/min)
2019-05-13 10:03:24 [scrapy.extensions.telnet] INFO: Telnet console listening on 127.0.0.1:6024
2019-05-13 10:03:26 [scrapy.downloadermiddlewares.redirect] DEBUG: Redirecting (301) to <GET https://www.groupon.com/robots.txt> from <GET https://groupon.com/robots.txt>
2019-05-13 10:03:27 [scrapy.core.engine] DEBUG: Crawled (200) <GET https://www.groupon.com/robots.txt> (referer: None)
2019-05-13 10:03:27 [scrapy.downloadermiddlewares.redirect] DEBUG: Redirecting (301) to <GET https://www.groupon.com/> from <GET https://groupon.com>
2019-05-13 10:03:27 [scrapy.core.engine] DEBUG: Crawled (200) <GET https://www.groupon.com/robots.txt> (referer: None)
2019-05-13 10:03:28 [scrapy.core.engine] DEBUG: Crawled (200) <GET https://www.groupon.com/> (referer: None)
2019-05-13 10:03:28 [urllib3.connectionpool] DEBUG: Starting new HTTPS connection (1): groupon.com:443
2019-05-13 10:03:29 [urllib3.connectionpool] DEBUG: https://groupon.com:443 "GET / HTTP/1.1" 301 185
2019-05-13 10:03:29 [urllib3.connectionpool] DEBUG: Starting new HTTPS connection (1): www.groupon.com:443
2019-05-13 10:03:31 [urllib3.connectionpool] DEBUG: https://www.groupon.com:443 "GET / HTTP/1.1" 200 None
2019-05-13 10:03:31 [urllib3.connectionpool] DEBUG: https://groupon.com:443 "GET /coupons/stores/coyuchi.com HTTP/1.1" 301 185
2019-05-13 10:03:31 [urllib3.connectionpool] DEBUG: https://www.groupon.com:443 "GET /coupons/stores/coyuchi.com HTTP/1.1" 200 None
2019-05-13 10:03:32 [scrapy.core.scraper] DEBUG: Scraped from <200 https://www.groupon.com/>
{'promo_code': None, 'retailer': 'Coyuchi', 'title': '15% Off With Email Signup', 'from': 'https://groupon.com', 'expires_at': None}
2019-05-13 10:03:32 [scrapy.core.scraper] ERROR: Spider error processing <GET https://www.groupon.com/> (referer: None)
Traceback (most recent call last):
  File "/home/realchief/anaconda3/lib/python3.7/site-packages/scrapy/utils/defer.py", line 102, in iter_errback
    yield next(it)
  File "/home/realchief/anaconda3/lib/python3.7/site-packages/scrapy/spidermiddlewares/offsite.py", line 29, in process_spider_output
    for x in result:
  File "/home/realchief/anaconda3/lib/python3.7/site-packages/scrapy/spidermiddlewares/referer.py", line 339, in <genexpr>
    return (_set_referer(r) for r in result or ())
  File "/home/realchief/anaconda3/lib/python3.7/site-packages/scrapy/spidermiddlewares/urllength.py", line 37, in <genexpr>
    return (r for r in result or () if _filter(r))
  File "/home/realchief/anaconda3/lib/python3.7/site-packages/scrapy/spidermiddlewares/depth.py", line 58, in <genexpr>
    return (r for r in result or () if _filter(r))
  File "/home/realchief/Aleks-Josh/Work/coupon_2.0/scrapy_app/scrapy_app/spiders/coucrawler.py", line 39, in parse
    coupon_data = data["state"]["stores_slug"]["coupons"][index]
IndexError: list index out of range
2019-05-13 10:03:32 [scrapy.core.engine] INFO: Closing spider (finished)
2019-05-13 10:03:32 [scrapy.statscollectors] INFO: Dumping Scrapy stats:
{'downloader/request_bytes': 2183,
 'downloader/request_count': 5,
 'downloader/request_method_count/GET': 5,
 'downloader/response_bytes': 33563,
 'downloader/response_count': 5,
 'downloader/response_status_count/200': 3,
 'downloader/response_status_count/301': 2,
 'finish_reason': 'finished',
 'finish_time': datetime.datetime(2019, 5, 13, 10, 3, 32, 66046),
 'item_scraped_count': 1,
 'log_count/DEBUG': 12,
 'log_count/ERROR': 1,
 'log_count/INFO': 9,
 'memusage/max': 72232960,
 'memusage/startup': 72232960,
 'response_received_count': 3,
 'robotstxt/request_count': 2,
 'robotstxt/response_count': 2,
 'robotstxt/response_status_count/200': 2,
 'scheduler/dequeued': 2,
 'scheduler/dequeued/memory': 2,
 'scheduler/enqueued': 2,
 'scheduler/enqueued/memory': 2,
 'spider_exceptions/IndexError': 1,
 'start_time': datetime.datetime(2019, 5, 13, 10, 3, 24, 634857)}
2019-05-13 10:03:32 [scrapy.core.engine] INFO: Spider closed (finished)
